<?xml version="1.0" encoding="UTF-8"?>
<!-- Generated by org.testng.reporters.JUnitReportReporter -->
<testsuite hostname="DESKTOP-34I2366" failures="0" tests="3" name="rahulshettyacademy.tests.SubmitOrderTest" time="16.219" errors="0" timestamp="27 May 2023 11:32:37 GMT" skipped="0">
  <testcase classname="rahulshettyacademy.tests.SubmitOrderTest" name="submitOrder" time="6.285"/>
  <testcase classname="rahulshettyacademy.tests.SubmitOrderTest" name="OrderHistoryTest" time="3.481"/>
  <testcase classname="rahulshettyacademy.tests.SubmitOrderTest" name="submitOrder" time="6.453"/>
</testsuite> <!-- rahulshettyacademy.tests.SubmitOrderTest -->
