<?xml version="1.0" encoding="UTF-8"?>
<!-- Generated by org.testng.reporters.JUnitReportReporter -->
<testsuite hostname="DESKTOP-34I2366" failures="0" tests="1" name="rahulshettyacademy.tests.ErrorValidationsTest" time="4.799" errors="0" timestamp="27 May 2023 11:32:51 GMT" skipped="0">
  <testcase classname="rahulshettyacademy.tests.ErrorValidationsTest" name="LoginErrorValidation" time="4.799"/>
</testsuite> <!-- rahulshettyacademy.tests.ErrorValidationsTest -->
